11/01/2022 06:18:54 PM: INFO: ====== WebDriver manager ======
11/01/2022 06:18:54 PM: INFO: Get LATEST chromedriver version for google-chrome 107.0.5304
11/01/2022 06:18:54 PM: INFO: Driver [/Users/vishnu.vijayan/.wdm/drivers/chromedriver/mac_arm64/107.0.5304/chromedriver] found in cache
11/01/2022 06:18:57 PM: INFO: Testcase 1
11/01/2022 06:18:58 PM: INFO: username entered
11/01/2022 06:18:58 PM: INFO: password entered
11/01/2022 06:18:58 PM: INFO: clicked on login
11/01/2022 06:18:58 PM: INFO: ====== WebDriver manager ======
11/01/2022 06:18:58 PM: INFO: Get LATEST chromedriver version for google-chrome 107.0.5304
11/01/2022 06:18:59 PM: INFO: Driver [/Users/vishnu.vijayan/.wdm/drivers/chromedriver/mac_arm64/107.0.5304/chromedriver] found in cache
11/01/2022 06:19:01 PM: INFO: Testcase 2
11/01/2022 06:19:02 PM: INFO: username entered
11/01/2022 06:19:02 PM: INFO: password entered
11/01/2022 06:19:02 PM: INFO: clicked on login
11/01/2022 06:19:02 PM: INFO: ====== WebDriver manager ======
11/01/2022 06:19:02 PM: INFO: Get LATEST chromedriver version for google-chrome 107.0.5304
11/01/2022 06:19:02 PM: INFO: Driver [/Users/vishnu.vijayan/.wdm/drivers/chromedriver/mac_arm64/107.0.5304/chromedriver] found in cache
11/01/2022 06:19:05 PM: INFO: Testcase 2
11/01/2022 06:19:06 PM: INFO: username entered
11/01/2022 06:19:06 PM: INFO: password entered
11/01/2022 06:19:06 PM: INFO: clicked on login
